<?xml version="1.0" encoding="UTF-8"?>
<!-- Generated by org.testng.reporters.JUnitXMLReporter -->
<testsuite hostname="JASMEETKAUR-PC" name="Rest API regression Test" tests="10" failures="0" timestamp="4 Jun 2021 02:00:07 GMT" time="19.484" errors="0">
  <testcase name="createUserAPIPostTest" time="5.672" classname="com.qa.api.gorest.testCases.CreateUserTest"/>
  <testcase name="getAllUsersAPITest" time="8.874" classname="com.qa.api.gorest.testCases.GetUserTest"/>
  <testcase name="getUsersWithQueryParamsAPITest" time="1.113" classname="com.qa.api.gorest.testCases.GetUserTest"/>
  <testcase name="createUserAPIPostTest" time="1.211" classname="com.qa.api.gorest.testCases.CreateUserTest"/>
  <testcase name="getAccountBlockStatusTest" time="1.088" classname="com.qa.api.gorest.testCases.GetImgurAPITest"/>
  <testcase name="createUserAPIPostTest" time="0.662" classname="com.qa.api.gorest.testCases.CreateUserTest"/>
  <testcase name="createUserAPIPostTest" time="0.674" classname="com.qa.api.gorest.testCases.CreateUserTest"/>
  <testcase name="createUserAPIPostTest" time="0.566" classname="com.qa.api.gorest.testCases.CreateUserTest"/>
  <testcase name="getAccountImagesTest" time="1.516" classname="com.qa.api.gorest.testCases.GetImgurAPITest"/>
  <testcase name="uploadImagePostAPITest" time="4.685" classname="com.qa.api.gorest.testCases.GetImgurAPITest"/>
</testsuite> <!-- Rest API regression Test -->
