<?xml version="1.0" encoding="UTF-8"?>
<testng-results skipped="0" failed="0" total="10" passed="10">
  <reporter-output>
  </reporter-output>
  <suite name="Rest API Test Suite" duration-ms="19484" started-at="2021-06-04T01:59:46Z" finished-at="2021-06-04T02:00:06Z">
    <groups>
    </groups>
    <test name="Rest API regression Test" duration-ms="19484" started-at="2021-06-04T01:59:46Z" finished-at="2021-06-04T02:00:06Z">
      <class name="com.qa.api.gorest.testCases.CreateUserTest">
        <test-method status="PASS" signature="createUserAPIPostTest(java.lang.String, java.lang.String, java.lang.String, java.lang.String, java.lang.String, java.lang.String, java.lang.String, java.lang.String, java.lang.String)[pri:0, instance:com.qa.api.gorest.testCases.CreateUserTest@3444d69d]" name="createUserAPIPostTest" duration-ms="5672" started-at="2021-06-04T07:29:50Z" data-provider="getUserData" finished-at="2021-06-04T07:29:55Z">
          <params>
            <param index="0">
              <value>
                <![CDATA[Raj]]>
              </value>
            </param>
            <param index="1">
              <value>
                <![CDATA[Singh]]>
              </value>
            </param>
            <param index="2">
              <value>
                <![CDATA[Male]]>
              </value>
            </param>
            <param index="3">
              <value>
                <![CDATA[01-Jan-1990]]>
              </value>
            </param>
            <param index="4">
              <value>
                <![CDATA[abc@gmail.com]]>
              </value>
            </param>
            <param index="5">
              <value>
                <![CDATA[9.191919191E9]]>
              </value>
            </param>
            <param index="6">
              <value>
                <![CDATA[https://abc.com]]>
              </value>
            </param>
            <param index="7">
              <value>
                <![CDATA[Chandigarh]]>
              </value>
            </param>
            <param index="8">
              <value>
                <![CDATA[Active]]>
              </value>
            </param>
          </params>
          <reporter-output>
          </reporter-output>
        </test-method> <!-- createUserAPIPostTest -->
        <test-method status="PASS" signature="createUserAPIPostTest(java.lang.String, java.lang.String, java.lang.String, java.lang.String, java.lang.String, java.lang.String, java.lang.String, java.lang.String, java.lang.String)[pri:0, instance:com.qa.api.gorest.testCases.CreateUserTest@3444d69d]" name="createUserAPIPostTest" duration-ms="1211" started-at="2021-06-04T07:29:56Z" data-provider="getUserData" finished-at="2021-06-04T07:29:57Z">
          <params>
            <param index="0">
              <value>
                <![CDATA[Jas]]>
              </value>
            </param>
            <param index="1">
              <value>
                <![CDATA[Kaur]]>
              </value>
            </param>
            <param index="2">
              <value>
                <![CDATA[Female]]>
              </value>
            </param>
            <param index="3">
              <value>
                <![CDATA[01-Jan-1990]]>
              </value>
            </param>
            <param index="4">
              <value>
                <![CDATA[abc@gmail.com]]>
              </value>
            </param>
            <param index="5">
              <value>
                <![CDATA[9.191919191E9]]>
              </value>
            </param>
            <param index="6">
              <value>
                <![CDATA[https://abc.com]]>
              </value>
            </param>
            <param index="7">
              <value>
                <![CDATA[NewDelhi]]>
              </value>
            </param>
            <param index="8">
              <value>
                <![CDATA[Active]]>
              </value>
            </param>
          </params>
          <reporter-output>
          </reporter-output>
        </test-method> <!-- createUserAPIPostTest -->
        <test-method status="PASS" signature="createUserAPIPostTest(java.lang.String, java.lang.String, java.lang.String, java.lang.String, java.lang.String, java.lang.String, java.lang.String, java.lang.String, java.lang.String)[pri:0, instance:com.qa.api.gorest.testCases.CreateUserTest@3444d69d]" name="createUserAPIPostTest" duration-ms="662" started-at="2021-06-04T07:29:57Z" data-provider="getUserData" finished-at="2021-06-04T07:29:58Z">
          <params>
            <param index="0">
              <value>
                <![CDATA[Lav]]>
              </value>
            </param>
            <param index="1">
              <value>
                <![CDATA[Kaur]]>
              </value>
            </param>
            <param index="2">
              <value>
                <![CDATA[Female]]>
              </value>
            </param>
            <param index="3">
              <value>
                <![CDATA[01-Jan-1990]]>
              </value>
            </param>
            <param index="4">
              <value>
                <![CDATA[abc@gmail.com]]>
              </value>
            </param>
            <param index="5">
              <value>
                <![CDATA[9.191919191E9]]>
              </value>
            </param>
            <param index="6">
              <value>
                <![CDATA[https://abc.com]]>
              </value>
            </param>
            <param index="7">
              <value>
                <![CDATA[Banglore]]>
              </value>
            </param>
            <param index="8">
              <value>
                <![CDATA[Active]]>
              </value>
            </param>
          </params>
          <reporter-output>
          </reporter-output>
        </test-method> <!-- createUserAPIPostTest -->
        <test-method status="PASS" signature="createUserAPIPostTest(java.lang.String, java.lang.String, java.lang.String, java.lang.String, java.lang.String, java.lang.String, java.lang.String, java.lang.String, java.lang.String)[pri:0, instance:com.qa.api.gorest.testCases.CreateUserTest@3444d69d]" name="createUserAPIPostTest" duration-ms="674" started-at="2021-06-04T07:29:58Z" data-provider="getUserData" finished-at="2021-06-04T07:29:58Z">
          <params>
            <param index="0">
              <value>
                <![CDATA[Aman]]>
              </value>
            </param>
            <param index="1">
              <value>
                <![CDATA[Singh]]>
              </value>
            </param>
            <param index="2">
              <value>
                <![CDATA[Male]]>
              </value>
            </param>
            <param index="3">
              <value>
                <![CDATA[01-Jan-1990]]>
              </value>
            </param>
            <param index="4">
              <value>
                <![CDATA[abc@gmail.com]]>
              </value>
            </param>
            <param index="5">
              <value>
                <![CDATA[9.191919191E9]]>
              </value>
            </param>
            <param index="6">
              <value>
                <![CDATA[https://abc.com]]>
              </value>
            </param>
            <param index="7">
              <value>
                <![CDATA[Kolkata]]>
              </value>
            </param>
            <param index="8">
              <value>
                <![CDATA[Active]]>
              </value>
            </param>
          </params>
          <reporter-output>
          </reporter-output>
        </test-method> <!-- createUserAPIPostTest -->
        <test-method status="PASS" signature="createUserAPIPostTest(java.lang.String, java.lang.String, java.lang.String, java.lang.String, java.lang.String, java.lang.String, java.lang.String, java.lang.String, java.lang.String)[pri:0, instance:com.qa.api.gorest.testCases.CreateUserTest@3444d69d]" name="createUserAPIPostTest" duration-ms="566" started-at="2021-06-04T07:29:58Z" data-provider="getUserData" finished-at="2021-06-04T07:29:59Z">
          <params>
            <param index="0">
              <value>
                <![CDATA[Kan]]>
              </value>
            </param>
            <param index="1">
              <value>
                <![CDATA[Kaur]]>
              </value>
            </param>
            <param index="2">
              <value>
                <![CDATA[Female]]>
              </value>
            </param>
            <param index="3">
              <value>
                <![CDATA[01-Jan-1990]]>
              </value>
            </param>
            <param index="4">
              <value>
                <![CDATA[abc@gmail.com]]>
              </value>
            </param>
            <param index="5">
              <value>
                <![CDATA[9.191919191E9]]>
              </value>
            </param>
            <param index="6">
              <value>
                <![CDATA[https://abc.com]]>
              </value>
            </param>
            <param index="7">
              <value>
                <![CDATA[USA]]>
              </value>
            </param>
            <param index="8">
              <value>
                <![CDATA[Active]]>
              </value>
            </param>
          </params>
          <reporter-output>
          </reporter-output>
        </test-method> <!-- createUserAPIPostTest -->
      </class> <!-- com.qa.api.gorest.testCases.CreateUserTest -->
      <class name="com.qa.api.gorest.testCases.GetImgurAPITest">
        <test-method status="PASS" signature="setUp()[pri:0, instance:com.qa.api.gorest.testCases.GetImgurAPITest@12405818]" name="setUp" is-config="true" duration-ms="9831" started-at="2021-06-04T07:29:47Z" finished-at="2021-06-04T07:29:56Z">
          <reporter-output>
          </reporter-output>
        </test-method> <!-- setUp -->
        <test-method status="PASS" signature="getAccountBlockStatusTest()[pri:0, instance:com.qa.api.gorest.testCases.GetImgurAPITest@12405818]" name="getAccountBlockStatusTest" duration-ms="1088" started-at="2021-06-04T07:29:56Z" finished-at="2021-06-04T07:29:58Z">
          <reporter-output>
          </reporter-output>
        </test-method> <!-- getAccountBlockStatusTest -->
        <test-method status="PASS" signature="setUp()[pri:0, instance:com.qa.api.gorest.testCases.GetImgurAPITest@12405818]" name="setUp" is-config="true" duration-ms="1011" started-at="2021-06-04T07:29:58Z" finished-at="2021-06-04T07:29:59Z">
          <reporter-output>
          </reporter-output>
        </test-method> <!-- setUp -->
        <test-method status="PASS" signature="getAccountImagesTest()[pri:0, instance:com.qa.api.gorest.testCases.GetImgurAPITest@12405818]" name="getAccountImagesTest" duration-ms="1516" started-at="2021-06-04T07:29:59Z" finished-at="2021-06-04T07:30:00Z">
          <reporter-output>
          </reporter-output>
        </test-method> <!-- getAccountImagesTest -->
        <test-method status="PASS" signature="setUp()[pri:0, instance:com.qa.api.gorest.testCases.GetImgurAPITest@12405818]" name="setUp" is-config="true" duration-ms="1049" started-at="2021-06-04T07:30:00Z" finished-at="2021-06-04T07:30:01Z">
          <reporter-output>
          </reporter-output>
        </test-method> <!-- setUp -->
        <test-method status="PASS" signature="uploadImagePostAPITest()[pri:0, instance:com.qa.api.gorest.testCases.GetImgurAPITest@12405818]" name="uploadImagePostAPITest" duration-ms="4685" started-at="2021-06-04T07:30:01Z" finished-at="2021-06-04T07:30:06Z">
          <reporter-output>
          </reporter-output>
        </test-method> <!-- uploadImagePostAPITest -->
      </class> <!-- com.qa.api.gorest.testCases.GetImgurAPITest -->
      <class name="com.qa.api.gorest.testCases.GetUserTest">
        <test-method status="PASS" signature="getAllUsersAPITest()[pri:0, instance:com.qa.api.gorest.testCases.GetUserTest@442675e1]" name="getAllUsersAPITest" duration-ms="8874" started-at="2021-06-04T07:29:47Z" finished-at="2021-06-04T07:29:55Z">
          <reporter-output>
          </reporter-output>
        </test-method> <!-- getAllUsersAPITest -->
        <test-method status="PASS" signature="getUsersWithQueryParamsAPITest()[pri:0, instance:com.qa.api.gorest.testCases.GetUserTest@442675e1]" name="getUsersWithQueryParamsAPITest" duration-ms="1113" started-at="2021-06-04T07:29:56Z" finished-at="2021-06-04T07:29:57Z">
          <reporter-output>
          </reporter-output>
        </test-method> <!-- getUsersWithQueryParamsAPITest -->
      </class> <!-- com.qa.api.gorest.testCases.GetUserTest -->
    </test> <!-- Rest API regression Test -->
  </suite> <!-- Rest API Test Suite -->
</testng-results>
